<?xml version="1.0" encoding="UTF-8"?>
<testng-results ignored="0" total="1" passed="1" failed="0" skipped="0">
  <reporter-output>
  </reporter-output>
  <suite started-at="2025-05-29T08:08:36 IST" name="Default suite" finished-at="2025-05-29T08:10:14 IST" duration-ms="98125">
    <groups>
    </groups>
    <test started-at="2025-05-29T08:08:36 IST" name="Default test" finished-at="2025-05-29T08:10:14 IST" duration-ms="98125">
      <class name="org.testScript.LeadsAutomationTestScripts">
        <test-method signature="testLeadsCreationswithRequaredFieldsOnly()[pri:0, instance:org.testScript.LeadsAutomationTestScripts@2a7f1f10]" started-at="2025-05-29T08:08:36 IST" name="testLeadsCreationswithRequaredFieldsOnly" finished-at="2025-05-29T08:10:14 IST" duration-ms="98034" status="PASS">
          <reporter-output>
          </reporter-output>
        </test-method> <!-- testLeadsCreationswithRequaredFieldsOnly -->
      </class> <!-- org.testScript.LeadsAutomationTestScripts -->
    </test> <!-- Default test -->
  </suite> <!-- Default suite -->
</testng-results>
