<?xml version="1.0" encoding="UTF-8"?>
<testng-results ignored="0" total="1" passed="1" failed="0" skipped="0">
  <reporter-output>
  </reporter-output>
  <suite started-at="2025-04-19T17:33:20 IST" name="vtiger automation" finished-at="2025-04-19T17:33:36 IST" duration-ms="15801">
    <groups>
    </groups>
    <test started-at="2025-04-19T17:33:20 IST" name="vtiger testng" finished-at="2025-04-19T17:33:36 IST" duration-ms="15801">
      <class name="org.testScript.LeadsAutomationTestScripts">
        <test-method signature="testLeadsCreationswithRequaredFieldsOnly()[pri:0, instance:org.testScript.LeadsAutomationTestScripts@61230f6a]" started-at="2025-04-19T17:33:20 IST" name="testLeadsCreationswithRequaredFieldsOnly" finished-at="2025-04-19T17:33:36 IST" duration-ms="15760" status="PASS">
          <reporter-output>
          </reporter-output>
        </test-method> <!-- testLeadsCreationswithRequaredFieldsOnly -->
      </class> <!-- org.testScript.LeadsAutomationTestScripts -->
    </test> <!-- vtiger testng -->
  </suite> <!-- vtiger automation -->
</testng-results>
