<?xml version="1.0" encoding="UTF-8"?>
<!-- Generated by org.testng.reporters.JUnitXMLReporter -->
<testsuite ignored="0" hostname="DESKTOP-VNV6CHJ" failures="1" tests="1" name="vtiger testing" time="28.805" errors="0" timestamp="2025-04-19T14:16:02 IST">
  <testcase classname="org.testScript.LeadsAutomationTestScripts" name="testLeadsCreationswithRequaredFieldsOnly" time="28.732">
    <failure type="java.lang.NoSuchMethodError" message="com.eva.vtigers.pages.OR.HomePageOR: method &amp;apos;void &amp;lt;init&amp;gt;(org.util.Webutil1)&amp;apos; not found">
      <![CDATA[java.lang.NoSuchMethodError: com.eva.vtigers.pages.OR.HomePageOR: method 'void <init>(org.util.Webutil1)' not found
at com.eva.vtiger.pages.Homepage.<init>(Homepage.java:17)
at org.testScript.LeadsAutomationTestScripts.testLeadsCreationswithRequaredFieldsOnly(LeadsAutomationTestScripts.java:24)
at java.base/java.util.ArrayList.forEach(ArrayList.java:1596)
... Removed 25 stack frames]]>
    </failure>
  </testcase> <!-- testLeadsCreationswithRequaredFieldsOnly -->
</testsuite> <!-- vtiger testing -->
